C51 COMPILER V9.53.0.0   INTERRUPTS                                                        03/24/2017 16:15:14 PAGE 1   


C51 COMPILER V9.53.0.0, COMPILATION OF MODULE INTERRUPTS
OBJECT MODULE PLACED IN .\src\Interrupts.OBJ
COMPILER INVOKED BY: c:\SiliconLabs\SimplicityStudio\v4\developer\toolchains\keil_8051\9.53\BIN\C51.exe C:\Users\varou\S
                    -implicityStudio\v4_workspace1\EFM8BB3_Blinky_3\src\Interrupts.c OMF2 SMALL DEBUG OBJECTEXTEND ROM(LARGE) WARNINGLEVEL(2)
                    - FLOATFUZZY(3) OPTIMIZE(8,SPEED) DEFINE(DEBUG=1) INTVECTOR(0X0000) INTPROMOTE INCDIR(C:\Users\varou\SimplicityStudio\v4_
                    -workspace1\EFM8BB3_Blinky_3\inc;C:/SiliconLabs/SimplicityStudio/v4/developer/sdks/8051/v4.0.3//Device/shared/si8051base;
                    -C:/SiliconLabs/SimplicityStudio/v4/developer/sdks/8051/v4.0.3//Device/EFM8BB3/inc) PRINT(.\src\Interrupts.lst) COND PAGE
                    -WIDTH(120) PAGELENGTH(65) OBJECT(.\src\Interrupts.OBJ)

line level    source

   1          //=========================================================
   2          // src/Interrupts.c: generated by Hardware Configurator
   3          //
   4          // This file will be regenerated when saving a document.
   5          // leave the sections inside the "$[...]" comment tags alone
   6          // or they will be overwritten!
   7          //=========================================================
   8          
   9                   
  10          // USER INCLUDES                        
  11          #include <SI_EFM8BB3_Register_Enums.h>
  12          
  13          //-----------------------------------------------------------------------------
  14          // Global VARIABLES
  15          //-----------------------------------------------------------------------------
  16          int LEDCOUNT = 0;
  17          //-----------------------------------------------------------------------------
  18          // Global CONSTANTS
  19          //-----------------------------------------------------------------------------
  20          SI_SBIT(LED0, SFR_P1, 4);                  // P1.4 LED0
  21          SI_SBIT(LED1, SFR_P1, 5);                  // P1.5 LED1
  22          SI_SBIT(LED2, SFR_P1, 6);                  // P1.6 LED2
  23          
  24          //-----------------------------------------------------------------------------
  25          // TIMER2_ISR
  26          //-----------------------------------------------------------------------------
  27          //
  28          // TIMER2 ISR Content goes here. Remember to clear flag bits:
  29          // TMR2CN::TF2H (Timer # High Byte Overflow Flag)
  30          // TMR2CN::TF2L (Timer # Low Byte Overflow Flag)
  31          //
  32          // This routine changes the state of the LED whenever Timer2 overflows.
  33          //
  34          //-----------------------------------------------------------------------------
  35          SI_INTERRUPT (TIMER2_ISR, TIMER2_IRQn)
  36          {
  37   1              TMR2CN0_TF2H = 0;    // Clear Timer2 interrupt flag
  38   1      
  39   1              switch (LEDCOUNT)
  40   1              {
  41   2                      case 0:
  42   2                         LED0 = 1;
  43   2                         LED1 = 0;
  44   2                         LED2 = 0;
  45   2                         break;
  46   2                      case 1:
  47   2                         LED0 = 0;
  48   2                         LED1 = 1;
  49   2                         LED2 = 0;
  50   2                         IE_EA=0;
  51   2                         break;
C51 COMPILER V9.53.0.0   INTERRUPTS                                                        03/24/2017 16:15:14 PAGE 2   

  52   2                      case 2:
  53   2                         LED0 = 0;
  54   2                         LED1 = 0;
  55   2                         LED2 = 1;
  56   2                         break;
  57   2                      case 3:
  58   2                         LED0 = 1;
  59   2                         LED1 = 1;
  60   2                         LED2 = 0;
  61   2                         break;
  62   2                      case 4:
  63   2                         LED0 = 0;
  64   2                         LED1 = 1;
  65   2                         LED2 = 1;
  66   2                         break;
  67   2                      case 5:
  68   2                         LED0 = 1;
  69   2                         LED1 = 0;
  70   2                         LED2 = 1;
  71   2                         break;
  72   2                      case 6:
  73   2                         LED0 = 1;
  74   2                         LED1 = 1;
  75   2                         LED2 = 1;
  76   2                         break;
  77   2              }
  78   1      
  79   1              if (LEDCOUNT <= 0) LEDCOUNT++;
  80   1              else LEDCOUNT = 0;
  81   1      }
  82          
  83          


MODULE INFORMATION:   STATIC OVERLAYABLE
   CODE SIZE        =    145    ----
   CONSTANT SIZE    =   ----    ----
   XDATA SIZE       =   ----    ----
   PDATA SIZE       =   ----    ----
   DATA SIZE        =      2    ----
   IDATA SIZE       =   ----    ----
   BIT SIZE         =   ----    ----
   EDATA SIZE       =   ----    ----
   HDATA SIZE       =   ----    ----
   XDATA CONST SIZE =   ----    ----
   FAR CONST SIZE   =   ----    ----
END OF MODULE INFORMATION.


C51 COMPILATION COMPLETE.  0 WARNING(S),  0 ERROR(S)
